\BOOKMARK [1][-]{section.1}{\376\377\000M\000L\000\040\000H\000i\000s\000t\000o\000r\000i\000c\000a\000l\000\040\000B\000a\000c\000k\000g\000r\000o\000u\000n\000d}{}% 1
\BOOKMARK [2][-]{subsection.1.1}{\376\377\000T\000h\000e\000\040\000O\000r\000i\000g\000i\000n\000s\000:\000\040\000E\000a\000r\000l\000y\000\040\000I\000d\000e\000a\000s\000\040\000a\000n\000d\000\040\000A\000n\000c\000i\000e\000n\000t\000\040\000P\000r\000e\000c\000u\000r\000s\000o\000r\000s}{section.1}% 2
\BOOKMARK [3][-]{subsubsection.1.1.1}{\376\377\000T\000h\000e\000\040\000B\000i\000r\000t\000h\000\040\000o\000f\000\040\000A\000l\000g\000o\000r\000i\000t\000h\000m\000s\000\040\000a\000n\000d\000\040\000F\000o\000r\000m\000a\000l\000\040\000S\000y\000s\000t\000e\000m\000s}{subsection.1.1}% 3
\BOOKMARK [3][-]{subsubsection.1.1.2}{\376\377\000B\000i\000n\000a\000r\000y\000,\000\040\000Z\000e\000r\000o\000,\000\040\000a\000n\000d\000\040\000C\000o\000m\000p\000u\000t\000a\000t\000i\000o\000n\000a\000l\000\040\000L\000o\000g\000i\000c}{subsection.1.1}% 4
\BOOKMARK [3][-]{subsubsection.1.1.3}{\376\377\000T\000h\000e\000\040\000N\000y\000a\000y\000a\000\040\000S\000c\000h\000o\000o\000l\000:\000\040\000A\000n\000c\000i\000e\000n\000t\000\040\000E\000p\000i\000s\000t\000e\000m\000o\000l\000o\000g\000y\000\040\000m\000e\000e\000t\000s\000\040\000M\000o\000d\000e\000r\000n\000\040\000M\000L}{subsection.1.1}% 5
\BOOKMARK [2][-]{subsection.1.2}{\376\377\000F\000r\000o\000m\000\040\000M\000e\000c\000h\000a\000n\000i\000c\000a\000l\000\040\000C\000o\000m\000p\000u\000t\000a\000t\000i\000o\000n\000\040\000t\000o\000\040\000F\000o\000r\000m\000a\000l\000\040\000L\000o\000g\000i\000c}{section.1}% 6
\BOOKMARK [3][-]{subsubsection.1.2.1}{\376\377\000A\000d\000a\000\040\000L\000o\000v\000e\000l\000a\000c\000e\000\040\000a\000n\000d\000\040\000t\000h\000e\000\040\000A\000I\000\040\000P\000h\000i\000l\000o\000s\000o\000p\000h\000y\000\040\000\050\0001\0008\0004\0003\000\051}{subsection.1.2}% 7
\BOOKMARK [2][-]{subsection.1.3}{\376\377\000T\000h\000e\000\040\000L\000i\000m\000i\000t\000s\000\040\000o\000f\000\040\000P\000e\000r\000f\000e\000c\000t\000\040\000L\000o\000g\000i\000c}{section.1}% 8
\BOOKMARK [3][-]{subsubsection.1.3.1}{\376\377\000S\000y\000m\000b\000o\000l\000i\000c\000\040\000v\000s\000.\000\040\000C\000o\000n\000n\000e\000c\000t\000i\000o\000n\000i\000s\000t\000\040\000A\000I}{subsection.1.3}% 9
\BOOKMARK [2][-]{subsection.1.4}{\376\377\000T\000h\000e\000\040\000P\000i\000o\000n\000e\000e\000r\000s\000\040\000o\000f\000\040\000C\000o\000n\000n\000e\000c\000t\000i\000o\000n\000i\000s\000m\000\040\000\050\0001\0009\0004\0003\040\023\0001\0009\0005\0006\000\051}{section.1}% 10
\BOOKMARK [3][-]{subsubsection.1.4.1}{\376\377\000T\000h\000e\000\040\000A\000n\000a\000t\000o\000m\000y\000\040\000o\000f\000\040\000a\000n\000\040\000A\000r\000t\000i\000f\000i\000c\000i\000a\000l\000\040\000N\000e\000u\000r\000o\000n}{subsection.1.4}% 11
\BOOKMARK [2][-]{subsection.1.5}{\376\377\000T\000h\000e\000\040\000P\000e\000r\000c\000e\000p\000t\000r\000o\000n}{section.1}% 12
\BOOKMARK [3][-]{subsubsection.1.5.1}{\376\377\000M\000a\000t\000h\000e\000m\000a\000t\000i\000c\000a\000l\000\040\000\046\000\040\000G\000e\000o\000m\000e\000t\000r\000i\000c\000\040\000F\000o\000r\000m\000u\000l\000a\000t\000i\000o\000n}{subsection.1.5}% 13
\BOOKMARK [2][-]{subsection.1.6}{\376\377\000T\000h\000e\000\040\000F\000i\000r\000s\000t\000\040\000N\000e\000u\000r\000a\000l\000\040\000W\000i\000n\000t\000e\000r\000\040\000\046\000\040\000T\000h\000e\000\040\000X\000O\000R\000\040\000P\000r\000o\000b\000l\000e\000m}{section.1}% 14
\BOOKMARK [2][-]{subsection.1.7}{\376\377\000T\000h\000e\000\040\000X\000O\000R\000\040\000P\000r\000o\000b\000l\000e\000m\000:\000\040\000T\000h\000e\000\040\000L\000i\000m\000i\000t\000\040\000o\000f\000\040\000L\000i\000n\000e\000a\000r\000\040\000I\000n\000s\000e\000p\000a\000r\000a\000b\000i\000l\000i\000t\000y}{section.1}% 15
\BOOKMARK [3][-]{subsubsection.1.7.1}{\376\377\000T\000h\000e\000\040\000D\000i\000f\000f\000e\000r\000e\000n\000t\000i\000a\000b\000i\000l\000i\000t\000y\000\040\000C\000r\000i\000s\000i\000s}{subsection.1.7}% 16
\BOOKMARK [3][-]{subsubsection.1.7.2}{\376\377\000S\000p\000a\000r\000k\000s\000\040\000i\000n\000\040\000t\000h\000e\000\040\000W\000i\000n\000t\000e\000r\000:\000\040\000E\000a\000r\000l\000y\000\040\000D\000e\000e\000p\000\040\000L\000e\000a\000r\000n\000i\000n\000g}{subsection.1.7}% 17
\BOOKMARK [2][-]{subsection.1.8}{\376\377\000T\000h\000e\000\040\000E\000n\000d\000\040\000o\000f\000\040\000t\000h\000e\000\040\000F\000i\000r\000s\000t\000\040\000W\000i\000n\000t\000e\000r}{section.1}% 18
\BOOKMARK [3][-]{subsubsection.1.8.1}{\376\377\000S\000e\000l\000f\000-\000O\000r\000g\000a\000n\000i\000z\000i\000n\000g\000\040\000M\000a\000p\000s\000\040\000\050\000S\000O\000M\000s\000\051\000\040\000-\000\040\000K\000o\000h\000o\000n\000e\000n\000,\000\040\0001\0009\0008\0002}{subsection.1.8}% 19
\BOOKMARK [3][-]{subsubsection.1.8.2}{\376\377\000R\000e\000c\000u\000r\000r\000e\000n\000t\000\040\000N\000e\000u\000r\000a\000l\000\040\000N\000e\000t\000w\000o\000r\000k\000s\000\040\000\050\000R\000N\000N\000s\000\051\000\040\000-\000\040\000H\000o\000p\000f\000i\000e\000l\000d\000,\000\040\0001\0009\0008\0002}{subsection.1.8}% 20
\BOOKMARK [3][-]{subsubsection.1.8.3}{\376\377\000H\000y\000b\000r\000i\000d\000\040\000N\000e\000t\000w\000o\000r\000k\000s\000\040\000a\000n\000d\000\040\000t\000h\000e\000\040\000U\000S\040\023\000J\000a\000p\000a\000n\000\040\000C\000o\000n\000f\000e\000r\000e\000n\000c\000e}{subsection.1.8}% 21
\BOOKMARK [2][-]{subsection.1.9}{\376\377\000B\000a\000c\000k\000p\000r\000o\000p\000a\000g\000a\000t\000i\000o\000n\000:\000\040\000G\000e\000n\000e\000r\000a\000l\000\040\000I\000d\000e\000a}{section.1}% 22
\BOOKMARK [3][-]{subsubsection.1.9.1}{\376\377\000M\000u\000l\000t\000i\000l\000a\000y\000e\000r\000\040\000P\000e\000r\000c\000e\000p\000t\000r\000o\000n\000\040\000\050\000M\000L\000P\000\051}{subsection.1.9}% 23
\BOOKMARK [3][-]{subsubsection.1.9.2}{\376\377\000T\000h\000e\000\040\000M\000a\000t\000h\000e\000m\000a\000t\000i\000c\000s\000\040\000o\000f\000\040\000B\000a\000c\000k\000p\000r\000o\000p\000a\000g\000a\000t\000i\000o\000n}{subsection.1.9}% 24
\BOOKMARK [3][-]{subsubsection.1.9.3}{\376\377\000T\000h\000e\000\040\000S\000e\000c\000o\000n\000d\000\040\000A\000I\000\040\000W\000i\000n\000t\000e\000r\000\040\000\050\0001\0009\0008\0007\040\023\0001\0009\0009\0003\000\051}{subsection.1.9}% 25
\BOOKMARK [2][-]{subsection.1.10}{\376\377\000T\000h\000e\000\040\000A\000d\000v\000e\000n\000t\000\040\000o\000f\000\040\000M\000o\000d\000e\000r\000n\000\040\000D\000e\000e\000p\000\040\000L\000e\000a\000r\000n\000i\000n\000g\000\040\000\050\0002\0000\0001\0002\040\023\0002\0000\0001\0007\000\051}{section.1}% 26
\BOOKMARK [3][-]{subsubsection.1.10.1}{\376\377\000T\000h\000e\000\040\000G\000e\000n\000e\000r\000a\000t\000i\000v\000e\000\040\000E\000r\000a\000\040\000\050\0002\0000\0002\0002\040\023\0002\0000\0002\0003\000\051}{subsection.1.10}% 27
\BOOKMARK [3][-]{subsubsection.1.10.2}{\376\377\000T\000h\000e\000\040\000A\000g\000e\000n\000t\000i\000c\000\040\000T\000u\000r\000n\000\040\000\050\0002\0000\0002\0004\040\023\000P\000r\000e\000s\000e\000n\000t\000\051}{subsection.1.10}% 28
\BOOKMARK [2][-]{subsection.1.11}{\376\377\000T\000h\000e\000\040\000M\000o\000d\000e\000l\000\040\000C\000o\000n\000t\000e\000x\000t\000\040\000P\000r\000o\000t\000o\000c\000o\000l\000\040\000\050\000M\000C\000P\000\051}{section.1}% 29
\BOOKMARK [2][-]{subsection.1.12}{\376\377\000M\000o\000r\000a\000v\000e\000c\000'\000s\000\040\000P\000a\000r\000a\000d\000o\000x\000\040\000a\000n\000d\000\040\000t\000h\000e\000\040\000C\000o\000m\000m\000o\000n\000\040\000S\000e\000n\000s\000e\000\040\000P\000r\000o\000b\000l\000e\000m}{section.1}% 30
\BOOKMARK [3][-]{subsubsection.1.12.1}{\376\377\000W\000h\000y\000\040\000A\000u\000t\000o\000m\000a\000t\000a\000\040\000S\000t\000i\000l\000l\000\040\000M\000a\000t\000t\000e\000r}{subsection.1.12}% 31
